2020-04-03 02:01:47.251 [ main ] - [ INFO  ] [ o.s.b.t.context.SpringBootTestContextBootstrapper : 308 ] - Neither @ContextConfiguration nor @ContextHierarchy found for test class [com.szymou.homeassistant.test.Test], using SpringBootContextLoader
2020-04-03 02:01:47.268 [ main ] - [ INFO  ] [ o.s.test.context.support.AbstractContextLoader : 264 ] - Could not detect default resource locations for test class [com.szymou.homeassistant.test.Test]: no resource found for suffixes {-context.xml, Context.groovy}.
2020-04-03 02:01:47.270 [ main ] - [ INFO  ] [ o.s.t.c.support.AnnotationConfigContextLoaderUtils : 83 ] - Could not detect default configuration classes for test class [com.szymou.homeassistant.test.Test]: Test does not declare any static, non-private, non-final, nested classes annotated with @Configuration.
2020-04-03 02:01:47.638 [ main ] - [ INFO  ] [ o.s.b.t.context.SpringBootTestContextBootstrapper : 235 ] - Found @SpringBootConfiguration com.szymou.homeassistant.HomeAssistantApplication for test class com.szymou.homeassistant.test.Test
2020-04-03 02:01:47.887 [ main ] - [ INFO  ] [ o.s.b.t.context.SpringBootTestContextBootstrapper : 248 ] - Loaded default TestExecutionListener class names from location [META-INF/spring.factories]: [org.springframework.boot.test.autoconfigure.restdocs.RestDocsTestExecutionListener, org.springframework.boot.test.autoconfigure.web.client.MockRestServiceServerResetTestExecutionListener, org.springframework.boot.test.autoconfigure.web.servlet.MockMvcPrintOnlyOnFailureTestExecutionListener, org.springframework.boot.test.autoconfigure.web.servlet.WebDriverTestExecutionListener, org.springframework.boot.test.mock.mockito.MockitoTestExecutionListener, org.springframework.boot.test.mock.mockito.ResetMocksTestExecutionListener, org.springframework.test.context.web.ServletTestExecutionListener, org.springframework.test.context.support.DirtiesContextBeforeModesTestExecutionListener, org.springframework.test.context.support.DependencyInjectionTestExecutionListener, org.springframework.test.context.support.DirtiesContextTestExecutionListener, org.springframework.test.context.transaction.TransactionalTestExecutionListener, org.springframework.test.context.jdbc.SqlScriptsTestExecutionListener, org.springframework.test.context.event.EventPublishingTestExecutionListener]
2020-04-03 02:01:47.923 [ main ] - [ INFO  ] [ o.s.b.t.context.SpringBootTestContextBootstrapper : 177 ] - Using TestExecutionListeners: [org.springframework.test.context.web.ServletTestExecutionListener@702b8b12, org.springframework.test.context.support.DirtiesContextBeforeModesTestExecutionListener@22e357dc, org.springframework.boot.test.mock.mockito.MockitoTestExecutionListener@49912c99, org.springframework.boot.test.autoconfigure.SpringBootDependencyInjectionTestExecutionListener@10163d6, org.springframework.test.context.support.DirtiesContextTestExecutionListener@2dde1bff, org.springframework.test.context.transaction.TransactionalTestExecutionListener@15bbf42f, org.springframework.test.context.jdbc.SqlScriptsTestExecutionListener@550ee7e5, org.springframework.test.context.event.EventPublishingTestExecutionListener@5f9b2141, org.springframework.boot.test.autoconfigure.restdocs.RestDocsTestExecutionListener@247d8ae, org.springframework.boot.test.autoconfigure.web.client.MockRestServiceServerResetTestExecutionListener@48974e45, org.springframework.boot.test.autoconfigure.web.servlet.MockMvcPrintOnlyOnFailureTestExecutionListener@6a84a97d, org.springframework.boot.test.autoconfigure.web.servlet.WebDriverTestExecutionListener@6c130c45, org.springframework.boot.test.mock.mockito.ResetMocksTestExecutionListener@50ad3bc1]
2020-04-03 02:01:49.256 [ main ] - [ INFO  ] [ com.szymou.homeassistant.test.Test : 55 ] - Starting Test on Szymou with PID 26396 (started by szymou in D:\IDEA_MyProjects\HomeAssistant_v1)
2020-04-03 02:01:49.258 [ main ] - [ INFO  ] [ com.szymou.homeassistant.test.Test : 655 ] - The following profiles are active: product
2020-04-03 02:01:51.912 [ main ] - [ WARN  ] [ org.mybatis.spring.mapper.ClassPathMapperScanner : 44 ] - No MyBatis mapper was found in '[com.szymou.homeassistant]' package. Please check your configuration.
2020-04-03 02:01:52.181 [ main ] - [ WARN  ] [ org.mybatis.spring.mapper.ClassPathMapperScanner : 44 ] - Skipping MapperFactoryBean with name 'userInfoDao' and 'com.szymou.homeassistant.dao.UserInfoDao' mapperInterface. Bean already defined with the same name!
2020-04-03 02:01:52.181 [ main ] - [ WARN  ] [ org.mybatis.spring.mapper.ClassPathMapperScanner : 44 ] - No MyBatis mapper was found in '[com.szymou.homeassistant.dao]' package. Please check your configuration.
2020-04-03 02:01:54.054 [ main ] - [ INFO  ] [ o.s.scheduling.concurrent.ThreadPoolTaskExecutor : 181 ] - Initializing ExecutorService 'applicationTaskExecutor'
2020-04-03 02:01:54.525 [ main ] - [ INFO  ] [ o.s.b.a.web.servlet.WelcomePageHandlerMapping : 58 ] - Adding welcome page template: index
2020-04-03 02:01:57.373 [ main ] - [ INFO  ] [ com.szymou.homeassistant.test.Test : 61 ] - Started Test in 9.293 seconds (JVM running for 12.488)
2020-04-03 02:01:57.784 [ main ] - [ INFO  ] [ com.zaxxer.hikari.HikariDataSource : 110 ] - HikariPool-1 - Starting...
2020-04-03 02:01:58.200 [ main ] - [ INFO  ] [ com.zaxxer.hikari.HikariDataSource : 123 ] - HikariPool-1 - Start completed.
2020-04-03 02:01:58.558 [ SpringContextShutdownHook ] - [ INFO  ] [ com.zaxxer.hikari.HikariDataSource : 350 ] - HikariPool-1 - Shutdown initiated...
2020-04-03 02:01:58.610 [ SpringContextShutdownHook ] - [ INFO  ] [ com.zaxxer.hikari.HikariDataSource : 352 ] - HikariPool-1 - Shutdown completed.
2020-04-03 02:01:58.618 [ SpringContextShutdownHook ] - [ INFO  ] [ o.s.scheduling.concurrent.ThreadPoolTaskExecutor : 218 ] - Shutting down ExecutorService 'applicationTaskExecutor'
2020-04-03 02:22:26.555 [ main ] - [ INFO  ] [ com.szymou.homeassistant.HomeAssistantApplication : 55 ] - Starting HomeAssistantApplication on Szymou with PID 41988 (D:\IDEA_MyProjects\HomeAssistant_v1\target\classes started by szymou in D:\IDEA_MyProjects\HomeAssistant_v1)
2020-04-03 02:22:26.560 [ main ] - [ INFO  ] [ com.szymou.homeassistant.HomeAssistantApplication : 655 ] - The following profiles are active: product
2020-04-03 02:22:30.079 [ main ] - [ WARN  ] [ org.mybatis.spring.mapper.ClassPathMapperScanner : 44 ] - No MyBatis mapper was found in '[com.szymou.homeassistant]' package. Please check your configuration.
2020-04-03 02:22:30.400 [ main ] - [ WARN  ] [ org.mybatis.spring.mapper.ClassPathMapperScanner : 44 ] - Skipping MapperFactoryBean with name 'userInfoDao' and 'com.szymou.homeassistant.dao.UserInfoDao' mapperInterface. Bean already defined with the same name!
2020-04-03 02:22:30.402 [ main ] - [ WARN  ] [ org.mybatis.spring.mapper.ClassPathMapperScanner : 44 ] - No MyBatis mapper was found in '[com.szymou.homeassistant.dao]' package. Please check your configuration.
2020-04-03 02:22:32.104 [ main ] - [ INFO  ] [ o.s.boot.web.embedded.tomcat.TomcatWebServer : 92 ] - Tomcat initialized with port(s): 9000 (http)
2020-04-03 02:22:32.126 [ main ] - [ INFO  ] [ org.apache.coyote.http11.Http11NioProtocol : 173 ] - Initializing ProtocolHandler ["http-nio-9000"]
2020-04-03 02:22:32.127 [ main ] - [ INFO  ] [ org.apache.catalina.core.StandardService : 173 ] - Starting service [Tomcat]
2020-04-03 02:22:32.128 [ main ] - [ INFO  ] [ org.apache.catalina.core.StandardEngine : 173 ] - Starting Servlet engine: [Apache Tomcat/9.0.33]
2020-04-03 02:22:32.793 [ main ] - [ INFO  ] [ org.apache.jasper.servlet.TldScanner : 173 ] - At least one JAR was scanned for TLDs yet contained no TLDs. Enable debug logging for this logger for a complete list of JARs that were scanned but no TLDs were found in them. Skipping unneeded JARs during scanning can improve startup time and JSP compilation time.
2020-04-03 02:22:32.800 [ main ] - [ INFO  ] [ o.a.c.c.C.[Tomcat].[localhost].[/HomeAssistant] : 173 ] - Initializing Spring embedded WebApplicationContext
2020-04-03 02:22:32.807 [ main ] - [ INFO  ] [ org.springframework.web.context.ContextLoader : 284 ] - Root WebApplicationContext: initialization completed in 6046 ms
2020-04-03 02:22:33.482 [ main ] - [ INFO  ] [ o.s.scheduling.concurrent.ThreadPoolTaskExecutor : 181 ] - Initializing ExecutorService 'applicationTaskExecutor'
2020-04-03 02:22:33.695 [ main ] - [ INFO  ] [ o.s.b.a.web.servlet.WelcomePageHandlerMapping : 58 ] - Adding welcome page template: index
2020-04-03 02:22:34.995 [ main ] - [ INFO  ] [ o.s.scheduling.concurrent.ThreadPoolTaskScheduler : 181 ] - Initializing ExecutorService 'taskScheduler'
2020-04-03 02:22:35.106 [ main ] - [ INFO  ] [ org.apache.coyote.http11.Http11NioProtocol : 173 ] - Starting ProtocolHandler ["http-nio-9000"]
2020-04-03 02:22:35.165 [ main ] - [ INFO  ] [ o.s.boot.web.embedded.tomcat.TomcatWebServer : 204 ] - Tomcat started on port(s): 9000 (http) with context path '/HomeAssistant'
2020-04-03 02:22:35.175 [ main ] - [ INFO  ] [ com.szymou.homeassistant.HomeAssistantApplication : 61 ] - Started HomeAssistantApplication in 10.276 seconds (JVM running for 14.763)
